<?xml version="1.0" encoding="UTF-8"?>
<!-- Generated by org.testng.reporters.JUnitReportReporter -->
<testsuite hostname="DESKTOP-69GDTQP" failures="0" tests="1" name="com.hrm.testcases.SampleTest" time="0.022" errors="0" timestamp="2024-08-06T21:02:17 IST" skipped="0">
  <testcase classname="com.hrm.testcases.SampleTest" name="sampleMethod" time="0.022"/>
  <system-out/>
</testsuite> <!-- com.hrm.testcases.SampleTest -->
