<?xml version="1.0" encoding="UTF-8"?>
<!-- Generated by org.testng.reporters.JUnitReportReporter -->
<testsuite hostname="DESKTOP-69GDTQP" failures="0" tests="1" name="com.hrm.testcases.LoginTest" time="13.148" errors="0" timestamp="2024-08-07T07:48:56 IST" skipped="0">
  <testcase classname="com.hrm.testcases.LoginTest" name="validateLogin" time="13.148"/>
  <system-out/>
</testsuite> <!-- com.hrm.testcases.LoginTest -->
